<?xml version="1.0" encoding="UTF-8"?>
<!-- Generated by org.testng.reporters.JUnitReportReporter -->
<testsuite hostname="hoang-ngoc-anh" failures="0" tests="4" name="TestSuite.DetailInformation" time="58.698" errors="0" timestamp="2022-12-30T01:07:31 ICT" skipped="0">
  <testcase classname="TestSuite.DetailInformation" name="MODULE5_02" time="12.854"/>
  <testcase classname="TestSuite.DetailInformation" name="MODULE5_04" time="11.040"/>
  <testcase classname="TestSuite.DetailInformation" name="MODULE5_01" time="22.712"/>
  <testcase classname="TestSuite.DetailInformation" name="MODULE5_03" time="12.092"/>
</testsuite> <!-- TestSuite.DetailInformation -->
