<?xml version="1.0" encoding="UTF-8"?>
<!-- Generated by org.testng.reporters.JUnitReportReporter -->
<testsuite hostname="anhhn-HP-EliteBook-8470p" failures="0" tests="12" name="TestSuite.Login" time="35.102" errors="0" timestamp="2022-11-04T00:53:50 ICT" skipped="0">
  <testcase classname="TestSuite.Login" name="MODULE1_02" time="1.545"/>
  <testcase classname="TestSuite.Login" name="MODULE1_06" time="1.448"/>
  <testcase classname="TestSuite.Login" name="MODULE1_05" time="2.848"/>
  <testcase classname="TestSuite.Login" name="MODULE1_08" time="1.329"/>
  <testcase classname="TestSuite.Login" name="MODULE1_03" time="6.988"/>
  <testcase classname="TestSuite.Login" name="MODULE1_07" time="1.408"/>
  <testcase classname="TestSuite.Login" name="MODULE1_01" time="3.094"/>
  <testcase classname="TestSuite.Login" name="MODULE1_11" time="1.525"/>
  <testcase classname="TestSuite.Login" name="MODULE1_09" time="1.381"/>
  <testcase classname="TestSuite.Login" name="MODULE1_04" time="5.875"/>
  <testcase classname="TestSuite.Login" name="MODULE1_10" time="1.536"/>
  <testcase classname="TestSuite.Login" name="MODULE1_12" time="6.125"/>
</testsuite> <!-- TestSuite.Login -->
