<?xml version="1.0" encoding="UTF-8"?>
<!-- Generated by org.testng.reporters.JUnitReportReporter -->
<testsuite hostname="anhhn-HP-EliteBook-8470p" failures="0" tests="5" name="TestSuite.Search" time="8.848" errors="0" timestamp="2022-11-07T00:55:41 ICT" skipped="0">
  <testcase classname="TestSuite.Search" name="MODULE1_02" time="2.559"/>
  <testcase classname="TestSuite.Search" name="MODULE1_05" time="1.497"/>
  <testcase classname="TestSuite.Search" name="MODULE1_04" time="1.447"/>
  <testcase classname="TestSuite.Search" name="MODULE1_01" time="1.797"/>
  <testcase classname="TestSuite.Search" name="MODULE1_03" time="1.548"/>
</testsuite> <!-- TestSuite.Search -->
